d:\unidocs\year_2\computergraphicsprogramming\projects\computergraphicsproject\debug\vc142.pdb
d:\unidocs\year_2\computergraphicsprogramming\projects\computergraphicsproject\debug\vc142.idb
d:\unidocs\year_2\computergraphicsprogramming\projects\computergraphicsproject\debug\vertexbuffer.obj
d:\unidocs\year_2\computergraphicsprogramming\projects\computergraphicsproject\debug\vertexarray.obj
d:\unidocs\year_2\computergraphicsprogramming\projects\computergraphicsproject\debug\texture.obj
d:\unidocs\year_2\computergraphicsprogramming\projects\computergraphicsproject\debug\source.obj
d:\unidocs\year_2\computergraphicsprogramming\projects\computergraphicsproject\debug\shaderprogram.obj
d:\unidocs\year_2\computergraphicsprogramming\projects\computergraphicsproject\debug\screen.obj
d:\unidocs\year_2\computergraphicsprogramming\projects\computergraphicsproject\debug\scene.obj
d:\unidocs\year_2\computergraphicsprogramming\projects\computergraphicsproject\debug\rendertexture.obj
d:\unidocs\year_2\computergraphicsprogramming\projects\computergraphicsproject\debug\propellor.obj
d:\unidocs\year_2\computergraphicsprogramming\projects\computergraphicsproject\debug\plane.obj
d:\unidocs\year_2\computergraphicsprogramming\projects\computergraphicsproject\debug\input.obj
d:\unidocs\year_2\computergraphicsprogramming\projects\computergraphicsproject\debug\gameobject.obj
d:\unidocs\year_2\computergraphicsprogramming\projects\computergraphicsproject\debug\camera.obj
d:\unidocs\year_2\computergraphicsprogramming\projects\computergraphicsproject\debug\throttleui.obj
d:\unidocs\year_2\computergraphicsprogramming\projects\computergraphicsproject\debug\computergraphicsproject.exe
d:\unidocs\year_2\computergraphicsprogramming\projects\computergraphicsproject\debug\computergraphicsproject.ilk
d:\unidocs\year_2\computergraphicsprogramming\projects\computergraphicsproject\debug\computergraphicsproject.pdb
d:\unidocs\year_2\computergraphicsprogramming\projects\computergraphicsproject\debug\computer.e1fb1afa.tlog\cl.command.1.tlog
d:\unidocs\year_2\computergraphicsprogramming\projects\computergraphicsproject\debug\computer.e1fb1afa.tlog\cl.read.1.tlog
d:\unidocs\year_2\computergraphicsprogramming\projects\computergraphicsproject\debug\computer.e1fb1afa.tlog\cl.write.1.tlog
d:\unidocs\year_2\computergraphicsprogramming\projects\computergraphicsproject\debug\computer.e1fb1afa.tlog\link.command.1.tlog
d:\unidocs\year_2\computergraphicsprogramming\projects\computergraphicsproject\debug\computer.e1fb1afa.tlog\link.read.1.tlog
d:\unidocs\year_2\computergraphicsprogramming\projects\computergraphicsproject\debug\computer.e1fb1afa.tlog\link.write.1.tlog
