d:\unidocs\year_2\computergraphicsprogramming\projects\computergraphicsproject\release\vc142.pdb
d:\unidocs\year_2\computergraphicsprogramming\projects\computergraphicsproject\release\vertexbuffer.obj
d:\unidocs\year_2\computergraphicsprogramming\projects\computergraphicsproject\release\vertexarray.obj
d:\unidocs\year_2\computergraphicsprogramming\projects\computergraphicsproject\release\throttleui.obj
d:\unidocs\year_2\computergraphicsprogramming\projects\computergraphicsproject\release\texture.obj
d:\unidocs\year_2\computergraphicsprogramming\projects\computergraphicsproject\release\source.obj
d:\unidocs\year_2\computergraphicsprogramming\projects\computergraphicsproject\release\shaderprogram.obj
d:\unidocs\year_2\computergraphicsprogramming\projects\computergraphicsproject\release\screen.obj
d:\unidocs\year_2\computergraphicsprogramming\projects\computergraphicsproject\release\scene.obj
d:\unidocs\year_2\computergraphicsprogramming\projects\computergraphicsproject\release\rendertexture.obj
d:\unidocs\year_2\computergraphicsprogramming\projects\computergraphicsproject\release\propellor.obj
d:\unidocs\year_2\computergraphicsprogramming\projects\computergraphicsproject\release\plane.obj
d:\unidocs\year_2\computergraphicsprogramming\projects\computergraphicsproject\release\orbitlight.obj
d:\unidocs\year_2\computergraphicsprogramming\projects\computergraphicsproject\release\input.obj
d:\unidocs\year_2\computergraphicsprogramming\projects\computergraphicsproject\release\gameobject.obj
d:\unidocs\year_2\computergraphicsprogramming\projects\computergraphicsproject\release\camera.obj
d:\unidocs\year_2\computergraphicsprogramming\projects\computergraphicsproject\release\computergraphicsproject.ipdb
d:\unidocs\year_2\computergraphicsprogramming\projects\computergraphicsproject\release\computergraphicsproject.iobj
d:\unidocs\year_2\computergraphicsprogramming\projects\computergraphicsproject\release\computergraphicsproject.exe
d:\unidocs\year_2\computergraphicsprogramming\projects\computergraphicsproject\release\computergraphicsproject.pdb
d:\unidocs\year_2\computergraphicsprogramming\projects\computergraphicsproject\release\computer.e1fb1afa.tlog\cl.command.1.tlog
d:\unidocs\year_2\computergraphicsprogramming\projects\computergraphicsproject\release\computer.e1fb1afa.tlog\cl.read.1.tlog
d:\unidocs\year_2\computergraphicsprogramming\projects\computergraphicsproject\release\computer.e1fb1afa.tlog\cl.write.1.tlog
d:\unidocs\year_2\computergraphicsprogramming\projects\computergraphicsproject\release\computer.e1fb1afa.tlog\computergraphicsproject.write.1u.tlog
d:\unidocs\year_2\computergraphicsprogramming\projects\computergraphicsproject\release\computer.e1fb1afa.tlog\link.command.1.tlog
d:\unidocs\year_2\computergraphicsprogramming\projects\computergraphicsproject\release\computer.e1fb1afa.tlog\link.read.1.tlog
d:\unidocs\year_2\computergraphicsprogramming\projects\computergraphicsproject\release\computer.e1fb1afa.tlog\link.write.1.tlog
